<?xml version="1.0" encoding="UTF-8"?>
<!-- Generated by org.testng.reporters.JUnitReportReporter -->
<testsuite hostname="DESKTOP-S3RV3MH" name="com.test.automation.uiAutomation.homepage.Tc_001_InvalidDataCredentials" tests="1" failures="0" timestamp="16 Dec 2017 18:45:37 GMT" time="84.549" errors="0">
  <testcase name="InvalidDataCredentials" time="84.549" classname="com.test.automation.uiAutomation.homepage.Tc_001_InvalidDataCredentials"/>
</testsuite> <!-- com.test.automation.uiAutomation.homepage.Tc_001_InvalidDataCredentials -->
